[    0.000000] Initializing cgroup subsys cpuset
[    0.000000] Initializing cgroup subsys cpu
[    0.000000] Initializing cgroup subsys cpuacct
[    0.000000] Linux version 4.4.0-165-generic (buildd@lgw01-amd64-027) (gcc version 5.4.0 20160609 (Ubuntu 5.4.0-6ubuntu1~16.04.10) ) #193-Ubuntu SMP Tue Sep 17 17:42:52 UTC 2019 (Ubuntu 4.4.0-165.193-generic 4.4.189)
[    0.000000] Command line: BOOT_IMAGE=/boot/vmlinuz-4.4.0-165-generic root=LABEL=cloudimg-rootfs ro console=tty1 console=ttyS0
[    0.000000] KERNEL supported cpus:
[    0.000000]   Intel GenuineIntel
[    0.000000]   AMD AuthenticAMD
[    0.000000]   Centaur CentaurHauls
[    0.000000] x86/fpu: xstate_offset[2]:  576, xstate_sizes[2]:  256
[    0.000000] x86/fpu: Supporting XSAVE feature 0x01: 'x87 floating point registers'
[    0.000000] x86/fpu: Supporting XSAVE feature 0x02: 'SSE registers'
[    0.000000] x86/fpu: Supporting XSAVE feature 0x04: 'AVX registers'
[    0.000000] x86/fpu: Enabled xstate features 0x7, context size is 832 bytes, using 'standard' format.
[    0.000000] e820: BIOS-provided physical RAM map:
[    0.000000] BIOS-e820: [mem 0x0000000000000000-0x000000000009fbff] usable
[    0.000000] BIOS-e820: [mem 0x000000000009fc00-0x000000000009ffff] reserved
[    0.000000] BIOS-e820: [mem 0x00000000000f0000-0x00000000000fffff] reserved
[    0.000000] BIOS-e820: [mem 0x0000000000100000-0x000000007ffeffff] usable
[    0.000000] BIOS-e820: [mem 0x000000007fff0000-0x000000007fffffff] ACPI data
[    0.000000] BIOS-e820: [mem 0x00000000fec00000-0x00000000fec00fff] reserved
[    0.000000] BIOS-e820: [mem 0x00000000fee00000-0x00000000fee00fff] reserved
[    0.000000] BIOS-e820: [mem 0x00000000fffc0000-0x00000000ffffffff] reserved
[    0.000000] NX (Execute Disable) protection: active
[    0.000000] SMBIOS 2.5 present.
[    0.000000] Hypervisor detected: KVM
[    0.000000] e820: last_pfn = 0x7fff0 max_arch_pfn = 0x400000000
[    0.000000] MTRR: Disabled
[    0.000000] x86/PAT: MTRRs disabled, skipping PAT initialization too.
[    0.000000] CPU MTRRs all blank - virtualized system.
[    0.000000] x86/PAT: Configuration [0-7]: WB  WT  UC- UC  WB  WT  UC- UC  
[    0.000000] found SMP MP-table at [mem 0x0009fff0-0x0009ffff] mapped at [ffff88000009fff0]
[    0.000000] Scanning 1 areas for low memory corruption
[    0.000000] RAMDISK: [mem 0x361d8000-0x370e3fff]
[    0.000000] ACPI: Early table checksum verification disabled
[    0.000000] ACPI: RSDP 0x00000000000E0000 000024 (v02 VBOX  )
[    0.000000] ACPI: XSDT 0x000000007FFF0030 00003C (v01 VBOX   VBOXXSDT 00000001 ASL  00000061)
[    0.000000] ACPI: FACP 0x000000007FFF00F0 0000F4 (v04 VBOX   VBOXFACP 00000001 ASL  00000061)
[    0.000000] ACPI: DSDT 0x000000007FFF0470 0022EA (v02 VBOX   VBOXBIOS 00000002 INTL 20100528)
[    0.000000] ACPI: FACS 0x000000007FFF0200 000040
[    0.000000] ACPI: FACS 0x000000007FFF0200 000040
[    0.000000] ACPI: APIC 0x000000007FFF0240 00005C (v02 VBOX   VBOXAPIC 00000001 ASL  00000061)
[    0.000000] ACPI: SSDT 0x000000007FFF02A0 0001CC (v01 VBOX   VBOXCPUT 00000002 INTL 20100528)
[    0.000000] No NUMA configuration found
[    0.000000] Faking a node at [mem 0x0000000000000000-0x000000007ffeffff]
[    0.000000] NODE_DATA(0) allocated [mem 0x7ffeb000-0x7ffeffff]
[    0.000000] kvm-clock: Using msrs 4b564d01 and 4b564d00
[    0.000000] kvm-clock: cpu 0, msr 0:7ffe3001, primary cpu clock
[    0.000000] kvm-clock: using sched offset of 3341437944 cycles
[    0.000000] clocksource: kvm-clock: mask: 0xffffffffffffffff max_cycles: 0x1cd42e4dffb, max_idle_ns: 881590591483 ns
[    0.000000] Zone ranges:
[    0.000000]   DMA      [mem 0x0000000000001000-0x0000000000ffffff]
[    0.000000]   DMA32    [mem 0x0000000001000000-0x000000007ffeffff]
[    0.000000]   Normal   empty
[    0.000000]   Device   empty
[    0.000000] Movable zone start for each node
[    0.000000] Early memory node ranges
[    0.000000]   node   0: [mem 0x0000000000001000-0x000000000009efff]
[    0.000000]   node   0: [mem 0x0000000000100000-0x000000007ffeffff]
[    0.000000] Initmem setup node 0 [mem 0x0000000000001000-0x000000007ffeffff]
[    0.000000] ACPI: PM-Timer IO Port: 0x4008
[    0.000000] IOAPIC[0]: apic_id 2, version 32, address 0xfec00000, GSI 0-23
[    0.000000] ACPI: INT_SRC_OVR (bus 0 bus_irq 0 global_irq 2 dfl dfl)
[    0.000000] ACPI: INT_SRC_OVR (bus 0 bus_irq 9 global_irq 9 low level)
[    0.000000] Using ACPI (MADT) for SMP configuration information
[    0.000000] smpboot: Allowing 2 CPUs, 0 hotplug CPUs
[    0.000000] PM: Registered nosave memory: [mem 0x00000000-0x00000fff]
[    0.000000] PM: Registered nosave memory: [mem 0x0009f000-0x0009ffff]
[    0.000000] PM: Registered nosave memory: [mem 0x000a0000-0x000effff]
[    0.000000] PM: Registered nosave memory: [mem 0x000f0000-0x000fffff]
[    0.000000] e820: [mem 0x80000000-0xfebfffff] available for PCI devices
[    0.000000] Booting paravirtualized kernel on KVM
[    0.000000] clocksource: refined-jiffies: mask: 0xffffffff max_cycles: 0xffffffff, max_idle_ns: 7645519600211568 ns
[    0.000000] setup_percpu: NR_CPUS:512 nr_cpumask_bits:512 nr_cpu_ids:2 nr_node_ids:1
[    0.000000] PERCPU: Embedded 34 pages/cpu @ffff88007fc00000 s99544 r8192 d31528 u1048576
[    0.000000] Built 1 zonelists in Node order, mobility grouping on.  Total pages: 515960
[    0.000000] Policy zone: DMA32
[    0.000000] Kernel command line: BOOT_IMAGE=/boot/vmlinuz-4.4.0-165-generic root=LABEL=cloudimg-rootfs ro console=tty1 console=ttyS0
[    0.000000] PID hash table entries: 4096 (order: 3, 32768 bytes)
[    0.000000] Memory: 2029344K/2096696K available (8621K kernel code, 1335K rwdata, 4032K rodata, 1484K init, 1284K bss, 67352K reserved, 0K cma-reserved)
[    0.000000] SLUB: HWalign=64, Order=0-3, MinObjects=0, CPUs=2, Nodes=1
[    0.000000] Kernel/User page tables isolation: enabled
[    0.000000] Hierarchical RCU implementation.
[    0.000000] 	Build-time adjustment of leaf fanout to 64.
[    0.000000] 	RCU restricting CPUs from NR_CPUS=512 to nr_cpu_ids=2.
[    0.000000] RCU: Adjusting geometry for rcu_fanout_leaf=64, nr_cpu_ids=2
[    0.000000] NR_IRQS:33024 nr_irqs:440 16
[    0.000000] Console: colour VGA+ 80x25
[    0.000000] console [tty1] enabled
[    0.000000] console [ttyS0] enabled
[    0.000000] tsc: Detected 2904.002 MHz processor
[    0.192494] Calibrating delay loop (skipped) preset value.. 5808.00 BogoMIPS (lpj=11616008)
[    0.194560] pid_max: default: 32768 minimum: 301
[    0.195645] ACPI: Core revision 20150930
[    0.198370] ACPI: 2 ACPI AML tables successfully acquired and loaded
[    0.199992] Security Framework initialized
[    0.201059] Yama: becoming mindful.
[    0.201924] AppArmor: AppArmor initialized
[    0.205086] Dentry cache hash table entries: 262144 (order: 9, 2097152 bytes)
[    0.206819] Inode-cache hash table entries: 131072 (order: 8, 1048576 bytes)
[    0.210013] Mount-cache hash table entries: 4096 (order: 3, 32768 bytes)
[    0.211456] Mountpoint-cache hash table entries: 4096 (order: 3, 32768 bytes)
[    0.213067] Initializing cgroup subsys io
[    0.214045] Initializing cgroup subsys memory
[    0.215072] Initializing cgroup subsys devices
[    0.216092] Initializing cgroup subsys freezer
[    0.217583] Initializing cgroup subsys net_cls
[    0.218615] Initializing cgroup subsys perf_event
[    0.219733] Initializing cgroup subsys net_prio
[    0.220806] Initializing cgroup subsys hugetlb
[    0.221807] Initializing cgroup subsys pids
[    0.223896] mce: CPU supports 0 MCE banks
[    0.224874] Last level iTLB entries: 4KB 64, 2MB 8, 4MB 8
[    0.226083] Last level dTLB entries: 4KB 64, 2MB 0, 4MB 0, 1GB 4
[    0.227413] Spectre V1 : Mitigation: usercopy/swapgs barriers and __user pointer sanitization
[    0.229340] Spectre V2 : Mitigation: Full generic retpoline
[    0.230530] Spectre V2 : Spectre v2 / SpectreRSB mitigation: Filling RSB on context switch
[    0.232491] Speculative Store Bypass: Vulnerable
[    0.233964] MDS: Vulnerable: Clear CPU buffers attempted, no microcode
[    0.238165] Freeing SMP alternatives memory: 36K
[    0.245595] ftrace: allocating 32318 entries in 127 pages
[    0.309914] smpboot: APIC(0) Converting physical 0 to logical package 0
[    0.311293] smpboot: Max logical packages: 1
[    0.312679] x2apic enabled
[    0.313822] Switched APIC routing to physical x2apic.
[    0.316377] ..TIMER: vector=0x30 apic1=0 pin1=2 apic2=-1 pin2=-1
[    0.424119] smpboot: CPU0: Intel(R) Core(TM) i7-7820HQ CPU @ 2.90GHz (family: 0x6, model: 0x9e, stepping: 0x9)
[    0.426547] Performance Events: unsupported p6 CPU model 158 no PMU driver, software events only.
[    0.437882] KVM setup paravirtual spinlock
[    0.441259] x86: Booting SMP configuration:
[    0.442263] .... node  #0, CPUs:      #1
[    0.443240] kvm-clock: cpu 1, msr 0:7ffe3041, secondary cpu clock
[    0.445245] mce: CPU supports 0 MCE banks
[    0.447928] x86: Booted up 1 node, 2 CPUs
[    0.449204] smpboot: Total of 2 processors activated (11616.00 BogoMIPS)
[    0.451569] devtmpfs: initialized
[    0.453760] evm: security.selinux
[    0.454617] evm: security.SMACK64
[    0.455813] evm: security.SMACK64EXEC
[    0.457118] evm: security.SMACK64TRANSMUTE
[    0.458082] evm: security.SMACK64MMAP
[    0.459087] evm: security.ima
[    0.459889] evm: security.capability
[    0.461176] clocksource: jiffies: mask: 0xffffffff max_cycles: 0xffffffff, max_idle_ns: 7645041785100000 ns
[    0.463383] futex hash table entries: 512 (order: 3, 32768 bytes)
[    0.464868] pinctrl core: initialized pinctrl subsystem
[    0.466100] RTC time:  6:12:31, date: 10/22/19
[    0.467510] NET: Registered protocol family 16
[    0.480759] cpuidle: using governor ladder
[    0.496405] cpuidle: using governor menu
[    0.497386] PCCT header not found.
[    0.498354] ACPI: bus type PCI registered
[    0.499270] acpiphp: ACPI Hot Plug PCI Controller Driver version: 0.5
[    0.501327] PCI: Using configuration type 1 for base access
[    0.517952] ACPI: Added _OSI(Module Device)
[    0.518975] ACPI: Added _OSI(Processor Device)
[    0.519991] ACPI: Added _OSI(3.0 _SCP Extensions)
[    0.521108] ACPI: Added _OSI(Processor Aggregator Device)
[    0.523005] ACPI: Executed 1 blocks of module-level executable AML code
[    0.526682] ACPI: Interpreter enabled
[    0.527598] ACPI: (supports S0 S5)
[    0.528552] ACPI: Using IOAPIC for interrupt routing
[    0.529755] PCI: Using host bridge windows from ACPI; if necessary, use "pci=nocrs" and report a bug
[    0.535705] ACPI: PCI Root Bridge [PCI0] (domain 0000 [bus 00-ff])
[    0.537171] acpi PNP0A03:00: _OSC: OS supports [ASPM ClockPM Segments MSI]
[    0.538875] acpi PNP0A03:00: _OSC: not requesting OS control; OS requires [ExtendedConfig ASPM ClockPM MSI]
[    0.540865] acpi PNP0A03:00: fail to add MMCONFIG information, can't access extended PCI configuration space under this bridge.
[    0.543627] PCI host bridge to bus 0000:00
[    0.544706] pci_bus 0000:00: root bus resource [io  0x0000-0x0cf7 window]
[    0.546098] pci_bus 0000:00: root bus resource [io  0x0d00-0xffff window]
[    0.547408] pci_bus 0000:00: root bus resource [mem 0x000a0000-0x000bffff window]
[    0.549324] pci_bus 0000:00: root bus resource [mem 0x80000000-0xfdffffff window]
[    0.551276] pci_bus 0000:00: root bus resource [bus 00-ff]
[    0.554694] pci 0000:00:01.1: legacy IDE quirk: reg 0x10: [io  0x01f0-0x01f7]
[    0.556155] pci 0000:00:01.1: legacy IDE quirk: reg 0x14: [io  0x03f6]
[    0.557547] pci 0000:00:01.1: legacy IDE quirk: reg 0x18: [io  0x0170-0x0177]
[    0.558996] pci 0000:00:01.1: legacy IDE quirk: reg 0x1c: [io  0x0376]
[    0.591984] pci 0000:00:07.0: quirk: [io  0x4000-0x403f] claimed by PIIX4 ACPI
[    0.593749] pci 0000:00:07.0: quirk: [io  0x4100-0x410f] claimed by PIIX4 SMB
[    0.606188] ACPI: PCI Interrupt Link [LNKA] (IRQs 5 9 10 *11)
[    0.608173] ACPI: PCI Interrupt Link [LNKB] (IRQs 5 9 *10 11)
[    0.610095] ACPI: PCI Interrupt Link [LNKC] (IRQs 5 *9 10 11)
[    0.611928] ACPI: PCI Interrupt Link [LNKD] (IRQs 5 9 10 *11)
[    0.613854] ACPI: Enabled 2 GPEs in block 00 to 07
[    0.615603] vgaarb: setting as boot device: PCI:0000:00:02.0
[    0.617312] vgaarb: device added: PCI:0000:00:02.0,decodes=io+mem,owns=io+mem,locks=none
[    0.619280] vgaarb: loaded
[    0.620059] vgaarb: bridge control possible 0000:00:02.0
[    0.621498] SCSI subsystem initialized
[    0.622542] ACPI: bus type USB registered
[    0.623523] usbcore: registered new interface driver usbfs
[    0.624727] usbcore: registered new interface driver hub
[    0.625972] usbcore: registered new device driver usb
[    0.627468] PCI: Using ACPI for IRQ routing
[    0.628764] NetLabel: Initializing
[    0.629643] NetLabel:  domain hash size = 128
[    0.630674] NetLabel:  protocols = UNLABELED CIPSOv4
[    0.631736] NetLabel:  unlabeled traffic allowed by default
[    0.633582] amd_nb: Cannot enumerate AMD northbridges
[    0.634937] clocksource: Switched to clocksource kvm-clock
[    0.645388] AppArmor: AppArmor Filesystem Enabled
[    0.646766] pnp: PnP ACPI init
[    0.648590] pnp: PnP ACPI: found 3 devices
[    0.662941] clocksource: acpi_pm: mask: 0xffffff max_cycles: 0xffffff, max_idle_ns: 2085701024 ns
[    0.665256] NET: Registered protocol family 2
[    0.666882] TCP established hash table entries: 16384 (order: 5, 131072 bytes)
[    0.669320] TCP bind hash table entries: 16384 (order: 6, 262144 bytes)
[    0.670776] TCP: Hash tables configured (established 16384 bind 16384)
[    0.672237] UDP hash table entries: 1024 (order: 3, 32768 bytes)
[    0.673496] UDP-Lite hash table entries: 1024 (order: 3, 32768 bytes)
[    0.675092] NET: Registered protocol family 1
[    0.676230] pci 0000:00:00.0: Limiting direct PCI/PCI transfers
[    0.677729] pci 0000:00:01.0: Activating ISA DMA hang workarounds
[    0.679203] Unpacking initramfs...
[    0.894050] Freeing initrd memory: 15408K
[    0.895175] clocksource: tsc: mask: 0xffffffffffffffff max_cycles: 0x29dc079b5d9, max_idle_ns: 440795223751 ns
[    0.897408] platform rtc_cmos: registered platform RTC device (no PNP device found)
[    0.899281] Scanning for low memory corruption every 60 seconds
[    0.901055] audit: initializing netlink subsys (disabled)
[    0.902197] audit: type=2000 audit(1571724757.244:1): initialized
[    0.903699] Initialise system trusted keyring
[    0.904903] HugeTLB registered 2 MB page size, pre-allocated 0 pages
[    0.907443] zbud: loaded
[    0.908459] VFS: Disk quotas dquot_6.6.0
[    0.909406] VFS: Dquot-cache hash table entries: 512 (order 0, 4096 bytes)
[    0.910928] squashfs: version 4.0 (2009/01/31) Phillip Lougher
[    0.912436] fuse init (API version 7.23)
[    0.913445] Key type big_key registered
[    0.914361] Allocating IMA MOK and blacklist keyrings.
[    0.916927] Key type asymmetric registered
[    0.917899] Asymmetric key parser 'x509' registered
[    0.919171] Block layer SCSI generic (bsg) driver version 0.4 loaded (major 249)
[    0.920962] io scheduler noop registered
[    0.921881] io scheduler deadline registered (default)
[    0.922986] io scheduler cfq registered
[    0.924014] pci_hotplug: PCI Hot Plug PCI Core version: 0.5
[    0.925159] pciehp: PCI Express Hot Plug Controller Driver version: 0.4
[    0.926520] ACPI: AC Adapter [AC] (on-line)
[    0.927564] input: Power Button as /devices/LNXSYSTM:00/LNXPWRBN:00/input/input0
[    0.929404] ACPI: Power Button [PWRF]
[    0.930292] input: Sleep Button as /devices/LNXSYSTM:00/LNXSLPBN:00/input/input1
[    0.932086] ACPI: Sleep Button [SLPF]
[    0.933898] ACPI: Battery Slot [BAT0] (battery present)
[    0.935063] GHES: HEST is not enabled!
[    0.936226] Serial: 8250/16550 driver, 32 ports, IRQ sharing enabled
[    0.958056] 00:02: ttyS0 at I/O 0x3f8 (irq = 4, base_baud = 115200) is a 16550A
[    0.960739] Linux agpgart interface v0.103
[    0.963925] loop: module loaded
[    0.965509] scsi host0: ata_piix
[    0.966979] scsi host1: ata_piix
[    0.967933] ata1: PATA max UDMA/33 cmd 0x1f0 ctl 0x3f6 bmdma 0xd000 irq 14
[    0.969289] ata2: PATA max UDMA/33 cmd 0x170 ctl 0x376 bmdma 0xd008 irq 15
[    0.971105] libphy: Fixed MDIO Bus: probed
[    0.972179] tun: Universal TUN/TAP device driver, 1.6
[    0.973240] tun: (C) 1999-2004 Max Krasnyansky <maxk@qualcomm.com>
[    0.974652] PPP generic driver version 2.4.2
[    0.975719] ehci_hcd: USB 2.0 'Enhanced' Host Controller (EHCI) Driver
[    0.977045] ehci-pci: EHCI PCI platform driver
[    0.978104] ehci-platform: EHCI generic platform driver
[    0.979476] ohci_hcd: USB 1.1 'Open' Host Controller (OHCI) Driver
[    0.980847] ohci-pci: OHCI PCI platform driver
[    0.981995] ohci-platform: OHCI generic platform driver
[    0.983461] uhci_hcd: USB Universal Host Controller Interface driver
[    0.984946] i8042: PNP: PS/2 Controller [PNP0303:PS2K,PNP0f03:PS2M] at 0x60,0x64 irq 1,12
[    0.987427] serio: i8042 KBD port at 0x60,0x64 irq 1
[    0.988590] serio: i8042 AUX port at 0x60,0x64 irq 12
[    0.989820] mousedev: PS/2 mouse device common for all mice
[    0.991533] rtc_cmos rtc_cmos: rtc core: registered rtc_cmos as rtc0
[    0.993131] rtc_cmos rtc_cmos: alarms up to one day, 114 bytes nvram
[    0.994572] input: AT Translated Set 2 keyboard as /devices/platform/i8042/serio0/input/input2
[    0.996731] i2c /dev entries driver
[    0.997766] device-mapper: uevent: version 1.0.3
[    0.999104] device-mapper: ioctl: 4.34.0-ioctl (2015-10-28) initialised: dm-devel@redhat.com
[    1.001307] ledtrig-cpu: registered to indicate activity on CPUs
[    1.003615] NET: Registered protocol family 10
[    1.004864] NET: Registered protocol family 17
[    1.005885] Key type dns_resolver registered
[    1.007571] registered taskstats version 1
[    1.008556] Loading compiled-in X.509 certificates
[    1.010062] Loaded X.509 cert 'Build time autogenerated kernel key: 0ed82eac04367aa6426493b1389455ebf6830eaa'
[    1.012281] zswap: loaded using pool lzo/zbud
[    1.014846] Key type trusted registered
[    1.018295] Key type encrypted registered
[    1.019263] AppArmor: AppArmor sha1 policy hashing enabled
[    1.020495] ima: No TPM chip found, activating TPM-bypass!
[    1.021654] ima: Allocated hash algorithm: sha1
[    1.022621] evm: HMAC attrs: 0x1
[    1.023825]   Magic number: 7:480:216
[    1.024821] rtc_cmos rtc_cmos: setting system clock to 2019-10-22 06:12:32 UTC (1571724752)
[    1.026795] BIOS EDD facility v0.16 2004-Jun-25, 0 devices found
[    1.028109] EDD information not available.
[    1.128767] Freeing unused kernel memory: 1484K
[    1.130352] Write protecting the kernel read-only data: 14336k
[    1.132513] Freeing unused kernel memory: 1608K
[    1.133887] Freeing unused kernel memory: 64K
Loading, please wait...
starting version 229
[    1.148333] random: systemd-udevd: uninitialized urandom read (16 bytes read, 3 bits of entropy available)
[    1.149228] random: udevadm: uninitialized urandom read (16 bytes read, 3 bits of entropy available)
[    1.149256] random: udevadm: uninitialized urandom read (16 bytes read, 3 bits of entropy available)
[    1.156857] random: systemd-udevd: uninitialized urandom read (16 bytes read, 3 bits of entropy available)
[    1.158932] random: udevadm: uninitialized urandom read (16 bytes read, 3 bits of entropy available)
[    1.158968] random: udevadm: uninitialized urandom read (16 bytes read, 3 bits of entropy available)
[    1.159092] random: udevadm: uninitialized urandom read (16 bytes read, 3 bits of entropy available)
[    1.159138] random: udevadm: uninitialized urandom read (16 bytes read, 3 bits of entropy available)
[    1.159181] random: udevadm: uninitialized urandom read (16 bytes read, 3 bits of entropy available)
[    1.159225] random: udevadm: uninitialized urandom read (16 bytes read, 3 bits of entropy available)
[    1.201784] e1000: Intel(R) PRO/1000 Network Driver - version 7.3.21-k8-NAPI
[    1.203401] e1000: Copyright (c) 1999-2006 Intel Corporation.
[    1.229042] Fusion MPT base driver 3.04.20
[    1.230110] Copyright (c) 1999-2008 LSI Corporation
[    1.239483] [drm] Initialized drm 1.1.0 20060810
[    1.246484] AVX2 version of gcm_enc/dec engaged.
[    1.247651] AES CTR mode by8 optimization enabled
[    1.254690] Fusion MPT SPI Host driver 3.04.20
[    1.265500] vboxvideo: loading out-of-tree module taints kernel.
[    1.267479] vboxvideo: module verification failed: signature and/or required key missing - tainting kernel
[    1.420513] input: ImExPS/2 Generic Explorer Mouse as /devices/platform/i8042/serio1/input/input4
[    1.618674] e1000 0000:00:03.0 eth0: (PCI:33MHz:32-bit) 02:4f:53:5f:29:ef
[    1.620163] e1000 0000:00:03.0 eth0: Intel(R) PRO/1000 Network Connection
[    1.622245] mptbase: ioc0: Initiating bringup
[    1.683651] ioc0: LSI53C1030 A0: Capabilities={Initiator}
[    1.854986] scsi host2: ioc0: LSI53C1030 A0, FwRev=00000000h, Ports=1, MaxQ=256, IRQ=20
[    1.975046] scsi 2:0:0:0: Direct-Access     VBOX     HARDDISK         1.0  PQ: 0 ANSI: 5
[    1.978517] scsi target2:0:0: Beginning Domain Validation
[    1.980062] [drm] VRAM 01000000
[    1.981145] [TTM] Zone  kernel: Available graphics memory: 1023972 kiB
[    1.982669] [TTM] Initializing pool allocator
[    1.983845] [TTM] Initializing DMA pool allocator
[    1.987196] fbcon: vboxdrmfb (fb0) is primary device
[    1.994342] scsi target2:0:0: Domain Validation skipping write tests
[    1.994343] scsi target2:0:0: Ending Domain Validation
[    1.994461] scsi target2:0:0: asynchronous
[    1.995437] Console: switching to colour frame buffer device 100x37
[    1.997716] scsi 2:0:1:0: Direct-Access     VBOX     HARDDISK         1.0  PQ: 0 ANSI: 5
[    1.997720] scsi target2:0:1: Beginning Domain Validation
[    2.001910] vboxvideo 0000:00:02.0: fb0: vboxdrmfb frame buffer device
[    2.004688] scsi target2:0:1: Domain Validation skipping write tests
[    2.005454] scsi target2:0:1: Ending Domain Validation
[    2.006160] scsi target2:0:1: asynchronous
[    2.010972] [drm] Initialized vboxvideo 1.0.0 20130823 for 0000:00:02.0 on minor 0
[    2.014512] sd 2:0:0:0: [sda] 20971520 512-byte logical blocks: (10.7 GB/10.0 GiB)
[    2.014672] sd 2:0:0:0: Attached scsi generic sg0 type 0
[    2.015313] sd 2:0:1:0: Attached scsi generic sg1 type 0
[    2.015376] sd 2:0:1:0: [sdb] 20480 512-byte logical blocks: (10.5 MB/10.0 MiB)
[    2.015716] sd 2:0:1:0: [sdb] Write Protect is off
[    2.016004] sd 2:0:1:0: [sdb] Incomplete mode parameter data
[    2.016005] sd 2:0:1:0: [sdb] Assuming drive cache: write through
[    2.019417] sd 2:0:1:0: [sdb] Attached SCSI disk
[    2.023351] sd 2:0:0:0: [sda] Write Protect is off
[    2.024503] sd 2:0:0:0: [sda] Incomplete mode parameter data
[    2.025400] sd 2:0:0:0: [sda] Assuming drive cache: write through
[    2.028545]  sda: sda1
[    2.030105] sd 2:0:0:0: [sda] Attached SCSI disk
[    2.673896] e1000 0000:00:08.0 eth1: (PCI:33MHz:32-bit) 08:00:27:78:a7:d8
[    2.674991] e1000 0000:00:08.0 eth1: Intel(R) PRO/1000 Network Connection
[    2.676817] e1000 0000:00:08.0 enp0s8: renamed from eth1
[    2.692318] e1000 0000:00:03.0 enp0s3: renamed from eth0
Begin: Loading essential drivers ... [    2.788195] md: linear personality registered for level -1
[    2.791114] md: multipath personality registered for level -4
[    2.794086] md: raid0 personality registered for level 0
[    2.798399] md: raid1 personality registered for level 1
[    2.867538] raid6: sse2x1   gen() 11268 MB/s
[    2.935296] raid6: sse2x1   xor()  8871 MB/s
[    3.003117] raid6: sse2x2   gen() 14512 MB/s
[    3.071492] raid6: sse2x2   xor() 10093 MB/s
[    3.139270] raid6: sse2x4   gen() 16416 MB/s
[    3.207550] raid6: sse2x4   xor() 10890 MB/s
[    3.275442] raid6: avx2x1   gen() 23269 MB/s
[    3.342999] raid6: avx2x2   gen() 23689 MB/s
[    3.411142] raid6: avx2x4   gen() 28010 MB/s
[    3.412032] raid6: using algorithm avx2x4 gen() 28010 MB/s
[    3.412962] raid6: using avx2x2 recovery algorithm
[    3.415588] xor: automatically using best checksumming function:
[    3.455449]    avx       : 31957.000 MB/sec
[    3.457307] async_tx: api initialized (async)
[    3.467590] md: raid6 personality registered for level 6
[    3.468598] md: raid5 personality registered for level 5
[    3.469564] md: raid4 personality registered for level 4
[    3.475674] md: raid10 personality registered for level 10
done.
Begin: Running /scripts/init-premount ... done.
Begin: Mounting root file system ... Begin: Running /scripts/local-top ... done.
Begin: Running /scripts/local-premount ... [    3.505824] Btrfs loaded
Scanning for Btrfs filesystems
done.
Warning: fsck not present, so skipping root file system
[    3.532872] EXT4-fs (sda1): mounted filesystem with ordered data mode. Opts: (null)
done.
Begin: Running /scripts/local-bottom ... done.
Begin: Running /scripts/init-bottom ... done.
[    3.617132] systemd[1]: systemd 229 running in system mode. (+PAM +AUDIT +SELINUX +IMA +APPARMOR +SMACK +SYSVINIT +UTMP +LIBCRYPTSETUP +GCRYPT +GNUTLS +ACL +XZ -LZ4 +SECCOMP +BLKID +ELFUTILS +KMOD -IDN)
[    3.620067] systemd[1]: Detected virtualization oracle.
[    3.620995] systemd[1]: Detected architecture x86-64.

Welcome to [1mUbuntu 16.04.6 LTS[0m!

[    3.624493] systemd[1]: Set hostname to <k8s-node2>.
[    3.748923] systemd[1]: Started Trigger resolvconf update for networkd DNS.
[[0;32m  OK  [0m] Started Trigger resolvconf update for networkd DNS.
[    3.751169] systemd[1]: Reached target User and Group Name Lookups.
[[0;32m  OK  [0m] Reached target User and Group Name Lookups.
[    3.753154] systemd[1]: Reached target Encrypted Volumes.
[[0;32m  OK  [0m] Reached target Encrypted Volumes.
[    3.755104] systemd[1]: Created slice User and Session Slice.
[[0;32m  OK  [0m] Created slice User and Session Slice.
[    3.756937] systemd[1]: Listening on Journal Socket.
[[0;32m  OK  [0m] Listening on Journal Socket.
[    3.758562] systemd[1]: Created slice System Slice.
[[0;32m  OK  [0m] Created slice System Slice.
[    3.779777] systemd[1]: Starting Nameserver information manager...
         Starting Nameserver information manager...
[    3.783785] systemd[1]: Starting Set console keymap...
         Starting Set console keymap...
[    3.787419] systemd[1]: Listening on udev Kernel Socket.
[[0;32m  OK  [0m] Listening on udev Kernel Socket.
[    3.795117] systemd[1]: Reached target System Time Synchronized.
[[0;32m  OK  [0m] Reached target System Time Synchronized.
[    3.797789] systemd[1]: Mounting Debug File System...
         Mounting Debug File System...
[    3.799357] systemd[1]: Listening on LVM2 poll daemon socket.
[[0;32m  OK  [0m] Listening on LVM2 poll daemon socket.
[    3.808773] systemd[1]: Starting Load Kernel Modules...
         Starting Load Kernel Modules...
[    3.815237] systemd[1]: Listening on Journal Socket (/dev/log).
[[0;32m  OK  [0m] Listening on Journal Socket (/dev/log).
[    3.821850] systemd[1]: Starting Remount Root and Kernel File Systems...
         Starting Remount Root and Kernel File Systems...
[    3.824757] Loading iSCSI transport class v2.0-870.
[    3.826274] systemd[1]: Starting Uncomplicated firewall...
[    3.827759] EXT4-fs (sda1): re-mounted. Opts: (null)
         Starting Uncomplicated firewall...
[    3.829550] systemd[1]: Mounting POSIX Message Queue File System...
         Mounting POSIX Message Queue File System...
[    3.832165] systemd[1]: Set up automount Arbitrary Executable File Formats File System Automount Point.
[[0;32m  OK  [0m] Set up automount Arbitrary Executab...ats File System Automount Point.
[    3.836324] systemd[1]: Listening on Syslog Socket.
[[0;32m  OK  [0m] Listening on Syslog Socket.
[    3.839176] systemd[1]: Listening on udev Control Socket.
[[0;32m  OK  [0m] Listening on udev Control Socket.
[    3.841581] systemd[1]: Reached target Swap.
[[0;32m  OK  [0m] Reached target Swap.
[    3.844090] systemd[1]: Mounting Huge Pages File System...
         Mounting Huge Pages File System...
[    3.847408] systemd[1]: Listening on /dev/initctl Compatibility Named Pipe.
[[0;32m  OK  [0m] Listening on /dev/initctl Compatibility Named Pipe.
[    3.850141] iscsi: registered transport (tcp)
[    3.851268] systemd[1]: Listening on Device-mapper event daemon FIFOs.
[[0;32m  OK  [0m] Listening on Device-mapper event daemon FIFOs.
[    3.853472] systemd[1]: Started Forward Password Requests to Wall Directory Watch.
[[0;32m  OK  [0m] Started Forward Password Requests to Wall Directory Watch.
[    3.856867] systemd[1]: Listening on LVM2 metadata daemon socket.
[[0;32m  OK  [0m] Listening on LVM2 metadata daemon socket.
[    3.871355] systemd[1]: Starting Monitoring of LVM2 mirrors, snapshots etc. using dmeventd or progress polling...
         Starting Monitoring of LVM2 mirrors... dmeventd or progress polling...
[    3.874521] systemd[1]: Created slice system-serial\x2dgetty.slice.
[[0;32m  OK  [0m] Created slice system-serial\x2dgetty.slice.
[    3.876934] systemd[1]: Listening on Journal Audit Socket.
[[0;32m  OK  [0m] Listening on Journal Audit Socket.
[    3.884094] iscsi: registered transport (iser)
[    3.892387] systemd[1]: Starting Journal Service...
         Starting Journal Service...
[    3.894752] systemd[1]: Starting Create list of required static device nodes for the current kernel...
         Starting Create list of required st... nodes for the current kernel...
[    3.899923] systemd[1]: Reached target Slices.
[[0;32m  OK  [0m] Reached target Slices.
[    3.903137] systemd[1]: Mounted Debug File System.
[[0;32m  OK  [0m] Mounted Debug File System.
[    3.905025] systemd[1]: Mounted Huge Pages File System.
[[0;32m  OK  [0m] Mounted Huge Pages File System.
[    3.908663] systemd[1]: Mounted POSIX Message Queue File System.
[[0;32m  OK  [0m] Mounted POSIX Message Queue File System.
[    3.916203] systemd[1]: Started Set console keymap.
[[0;32m  OK  [0m] Started Set console keymap.
[    3.924016] systemd[1]: Started Load Kernel Modules.
[[0;32m  OK  [0m] Started Load Kernel Modules.
[    3.932480] systemd[1]: Started Remount Root and Kernel File Systems.
[[0;32m  OK  [0m] Started Remount Root and Kernel File Systems.
[    3.935138] systemd[1]: Started Uncomplicated firewall.
[[0;32m  OK  [0m] Started Uncomplicated firewall.
[    3.937576] systemd[1]: Started Create list of required static device nodes for the current kernel.
[[0;32m  OK  [0m] Started Create list of required sta...ce nodes for the current kernel.
[    3.947653] systemd[1]: Started Nameserver information manager.
[[0;32m  OK  [0m] Started Nameserver information manager.
[    3.957057] systemd[1]: Started Journal Service.
[[0;32m  OK  [0m] Started Journal Service.
[[0;32m  OK  [0m] Started LVM2 metadata daemon.
         Starting Create Static Device Nodes in /dev...
         Starting Flush Journal to Persistent Storage...
         Starting Load/Save Random Seed...
         Starting udev Coldplug all Devices...
         Starting Apply Kernel Variables...
         Mounting FUSE Control File System...
[[0;32m  OK  [0m] Started Load/Save Random Seed.
[[0;32m  OK  [0m] Mounted FUSE Control File System.
[    4.058986] systemd-journald[405]: Received request to flush runtime journal from PID 1
[[0;32m  OK  [0m] Started Create Static Device Nodes in /dev.
[[0;32m  OK  [0m] Started Flush Journal to Persistent Storage.
[[0;32m  OK  [0m] Started Apply Kernel Variables.
[[0;32m  OK  [0m] Started udev Coldplug all Devices.
         Starting udev Kernel Device Manager...
[[0;32m  OK  [0m] Started udev Kernel Device Manager.
[[0;32m  OK  [0m] Started Dispatch Password Requests to Console Directory Watch.
[[0;32m  OK  [0m] Started Monitoring of LVM2 mirrors,...ng dmeventd or progress polling.
[[0;32m  OK  [0m] Reached target Local File Systems (Pre).
[[0;32m  OK  [0m] Reached target Local File Systems.
         Starting Initial cloud-init job (pre-networking)...
         Starting LSB: ebtables ruleset management...
         Starting Tell Plymouth To Write Out Runtime Data...
         Starting Set console font and keymap...
         Starting Create Volatile Files and Directories...
         Starting LSB: AppArmor initialization...
[[0;32m  OK  [0m] Started Create Volatile Files and Directories.
[[0;32m  OK  [0m] Started Tell Plymouth To Write Out Runtime Data.
         Starting Update UTMP about System Boot/Shutdown...
[[0;32m  OK  [0m] Started LSB: ebtables ruleset management.
[[0;32m  OK  [0m] Started Update UTMP about System Boot/Shutdown.
[[0;32m  OK  [0m] Started LSB: AppArmor initialization.
[[0;32m  OK  [0m] Started Set console font and keymap.
[[0;32m  OK  [0m] Created slice system-getty.slice.
[[0;32m  OK  [0m] Found device /dev/ttyS0.
[[0;32m  OK  [0m] Listening on Load/Save RF Kill Switch Status /dev/rfkill Watch.
[[0;32m  OK  [0m] Found device 82540EM Gigabit Ethern...r (PRO/1000 MT Desktop Adapter).
[[0;32m  OK  [0m] Found device 82540EM Gigabit Ethern...r (PRO/1000 MT Desktop Adapter).
[    4.857957] cloud-init[485]: Cloud-init v. 19.2-36-g059d049c-0ubuntu1~16.04.1 running 'init-local' at Tue, 22 Oct 2019 06:12:36 +0000. Up 4.58 seconds.
[[0;32m  OK  [0m] Started Initial cloud-init job (pre-networking).
[[0;32m  OK  [0m] Reached target Network (Pre).
[[0;32m  OK  [0m] Started ifup for enp0s8.
         Starting Raise network interfaces...
[[0;32m  OK  [0m] Started ifup for enp0s3.
[[0;32m  OK  [0m] Started Raise network interfaces.
[[0;32m  OK  [0m] Reached target Network.
         Starting Initial cloud-init job (metadata service crawler)...
[    5.733176] cloud-init[1096]: Cloud-init v. 19.2-36-g059d049c-0ubuntu1~16.04.1 running 'init' at Tue, 22 Oct 2019 06:12:37 +0000. Up 5.43 seconds.
[    5.734731] cloud-init[1096]: ci-info: ++++++++++++++++++++++++++++++++++++++Net device info+++++++++++++++++++++++++++++++++++++++
[    5.736166] cloud-init[1096]: ci-info: +--------+------+-----------------------------+---------------+--------+-------------------+
[    5.744584] cloud-init[1096]: ci-info: | Device |  Up  |           Address           |      Mask     | Scope  |     Hw-Address    |
[    5.746077] cloud-init[1096]: ci-info: +--------+------+-----------------------------+---------------+--------+-------------------+
[    5.752307] cloud-init[1096]: ci-info: | enp0s3 | True |          10.0.2.15          | 255.255.255.0 | global | 02:4f:53:5f:29:ef |
[    5.753835] cloud-init[1096]: ci-info: | enp0s3 | True |  fe80::4f:53ff:fe5f:29ef/64 |       .       |  link  | 02:4f:53:5f:29:ef |
[    5.755179] cloud-init[1096]: ci-info: | enp0s8 | True |        192.168.99.112       | 255.255.255.0 | global | 08:00:27:78:a7:d8 |
[    5.756634] cloud-init[1096]: ci-info: | enp0s8 | True | fe80::a00:27ff:fe78:a7d8/64 |       .       |  link  | 08:00:27:78:a7:d8 |
[    5.764386] cloud-init[1096]: ci-info: |   lo   | True |          127.0.0.1          |   255.0.0.0   |  host  |         .         |
[    5.772811] cloud-init[1096]: ci-info: |   lo   | True |           ::1/128           |       .       |  host  |         .         |
[    5.774402] cloud-init[1096]: ci-info: +--------+------+-----------------------------+---------------+--------+-------------------+
[    5.775826] cloud-init[1096]: ci-info: ++++++++++++++++++++++++++++Route IPv4 info++++++++++++++++++++++++++++
[    5.784281] cloud-init[1096]: ci-info: +-------+--------------+----------+---------------+-----------+-------+
[    5.784463] cloud-init[1096]: ci-info: | Route | Destination  | Gateway  |    Genmask    | Interface | Flags |
[    5.784991] cloud-init[1096]: ci-info: +-------+--------------+----------+---------------+-----------+-------+
[    5.785268] cloud-init[1096]: ci-info: |   0   |   0.0.0.0    | 10.0.2.2 |    0.0.0.0    |   enp0s3  |   UG  |
[    5.785551] cloud-init[1096]: ci-info: |   1   |   10.0.2.0   | 0.0.0.0  | 255.255.255.0 |   enp0s3  |   U   |
[    5.786017] cloud-init[1096]: ci-info: |   2   | 192.168.99.0 | 0.0.0.0  | 255.255.255.0 |   enp0s8  |   U   |
[    5.786298] cloud-init[1096]: ci-info: +-------+--------------+----------+---------------+-----------+-------+
[    5.786640] cloud-init[1096]: ci-info: +++++++++++++++++++Route IPv6 info+++++++++++++++++++
[    5.787109] cloud-init[1096]: ci-info: +-------+-------------+---------+-----------+-------+
[    5.787458] cloud-init[1096]: ci-info: | Route | Destination | Gateway | Interface | Flags |
[    5.787805] cloud-init[1096]: ci-info: +-------+-------------+---------+-----------+-------+
[    5.788322] cloud-init[1096]: ci-info: |   0   |  fe80::/64  |    ::   |   enp0s8  |   U   |
[    5.788670] cloud-init[1096]: ci-info: |   1   |  fe80::/64  |    ::   |   enp0s3  |   U   |
[    5.789015] cloud-init[1096]: ci-info: |   4   |   ff00::/8  |    ::   |   enp0s8  |   U   |
[    5.789360] cloud-init[1096]: ci-info: |   5   |   ff00::/8  |    ::   |   enp0s3  |   U   |
[    5.789748] cloud-init[1096]: ci-info: +-------+-------------+---------+-----------+-------+
[[0;32m  OK  [0m] Started Initial cloud-init job (metadata service crawler).
[[0;32m  OK  [0m] Reached target System Initialization.
         Starting Docker Socket for the API.
[[0;32m  OK  [0m] Listening on ACPID Listen Socket.
[[0;32m  OK  [0m] Listening on UUID daemon activation socket.
[[0;32m  OK  [0m] Started Daily apt download activities.
         Starting Socket activation for snappy daemon.
         Starting LXD - unix socket.
[[0;32m  OK  [0m] Started Daily Cleanup of Temporary Directories.
[[0;32m  OK  [0m] Started ACPI Events Check.
[[0;32m  OK  [0m] Reached target Paths.
[[0;32m  OK  [0m] Started Daily apt upgrade and clean activities.
[[0;32m  OK  [0m] Reached target Timers.
[[0;32m  OK  [0m] Listening on D-Bus System Message Bus Socket.
[[0;32m  OK  [0m] Reached target Cloud-config availability.
[[0;32m  OK  [0m] Reached target Network is Online.
         Starting iSCSI initiator daemon (iscsid)...
[[0;32m  OK  [0m] Listening on Docker Socket for the API.
[[0;32m  OK  [0m] Listening on Socket activation for snappy daemon.
[[0;32m  OK  [0m] Listening on LXD - unix socket.
[[0;32m  OK  [0m] Started iSCSI initiator daemon (iscsid).
         Starting Login to default iSCSI targets...
[[0;32m  OK  [0m] Reached target Sockets.
[[0;32m  OK  [0m] Reached target Basic System.
         Starting LSB: MD monitoring daemon...
         Starting vboxadd.service...
         Starting Login Service...
         Starting System Logging Service...
[[0;32m  OK  [0m] Started Regular background program processing daemon.
         Starting Accounts Service...
         Starting LXD - container startup/shutdown...
         Starting LSB: Record successful boot for GRUB...
         Starting Snappy daemon...
         Starting /etc/rc.local Compatibility...
[[0;32m  OK  [0m] Started ACPI event daemon.
         Starting OpenBSD Secure Shell server...
[[0;32m  OK  [0m] Started kubelet: The Kubernetes Node Agent.
[[0;32m  OK  [0m] Started D-Bus System Message Bus.
         Starting Daily apt upgrade and clean activities...
[[0;32m  OK  [0m] Started FUSE filesystem for LXC.
[[0;32m  OK  [0m] Started Deferred execution scheduler.
         Starting Docker Application Container Engine...
[[0;32m  OK  [0m] Started System Logging Service.
[[0;32m  OK  [0m] Started /etc/rc.local Compatibility.
[[0;32m  OK  [0m] Started LXD - container startup/shutdown.
[[0;32m  OK  [0m] Started OpenBSD Secure Shell server.
[[0;32m  OK  [0m] Started Login to default iSCSI targets.
[[0;32m  OK  [0m] Started LSB: MD monitoring daemon.
[[0;32m  OK  [0m] Started LSB: Record successful boot for GRUB.
[[0;32m  OK  [0m] Started Login Service.
[[0;32m  OK  [0m] Started Unattended Upgrades Shutdown.
         Starting Authenticate and Authorize Users to Run Privileged Tasks...
[[0;32m  OK  [0m] Reached target Remote File Systems (Pre).
[[0;32m  OK  [0m] Reached target Remote File Systems.
         Starting Permit User Sessions...
         Starting LSB: Set the CPU Frequency Scaling governor to "ondemand"...
         Starting LSB: automatic crash report generation...
         Starting LSB: daemon to balance interrupts for SMP systems...
         Starting LSB: Set up cgroupfs mounts....
[[0;32m  OK  [0m] Started Permit User Sessions.
[[0;32m  OK  [0m] Started LSB: Set up cgroupfs mounts..
[[0;32m  OK  [0m] Started Authenticate and Authorize Users to Run Privileged Tasks.
[[0;32m  OK  [0m] Started Accounts Service.
         Starting Hold until boot process finishes up...
         Starting Terminate Plymouth Boot Screen...
[[0;32m  OK  [0m] Started LSB: Set the CPU Frequency Scaling governor to "ondemand".
[[0;32m  OK  [0m] Started LSB: automatic crash report generation.
[[0;32m  OK  [0m] Started Hold until boot process finishes up.
[[0;32m  OK  [0m] Started Terminate Plymouth Boot Screen.
[[0;32m  OK  [0m] Started LSB: daemon to balance interrupts for SMP systems.
         Starting Set console scheme...
[[0;32m  OK  [0m] Started Getty on tty1.
[[0;32m  OK  [0m] Started Serial Getty on ttyS0.
[[0;32m  OK  [0m] Reached target Login Prompts.
[[0;32m  OK  [0m] Started Set console scheme.
[[0;32m  OK  [0m] Started Snappy daemon.
         Starting Wait until snapd is fully seeded...
[[0;32m  OK  [0m] Started Wait until snapd is fully seeded.
         Starting Apply the settings specified in cloud-config...
[[0;32m  OK  [0m] Started Kubernetes systemd probe.
[[0;32m  OK  [0m] Started vboxadd.service.
         Starting vboxadd-service.service...
[[0;32m  OK  [0m] Started vboxadd-service.service.
[    7.458640] cloud-init[1394]: Cloud-init v. 19.2-36-g059d049c-0ubuntu1~16.04.1 running 'modules:config' at Tue, 22 Oct 2019 06:12:39 +0000. Up 7.31 seconds.
[[0;32m  OK  [0m] Started Apply the settings specified in cloud-config.
[[0;32m  OK  [0m] Started Docker Application Container Engine.
[[0;32m  OK  [0m] Reached target Multi-User System.
         Starting Execute cloud user/final scripts...
[[0;32m  OK  [0m] Reached target Graphical Interface.
         Starting Update UTMP about System Runlevel Changes...
[[0;32m  OK  [0m] Started Update UTMP about System Runlevel Changes.
[    8.878893] cloud-init[1659]: Cloud-init v. 19.2-36-g059d049c-0ubuntu1~16.04.1 running 'modules:final' at Tue, 22 Oct 2019 06:12:40 +0000. Up 8.68 seconds.
[    8.881820] cloud-init[1659]: Cloud-init v. 19.2-36-g059d049c-0ubuntu1~16.04.1 finished at Tue, 22 Oct 2019 06:12:40 +0000. Datasource DataSourceNoCloud [seed=/dev/sdb][dsmode=net].  Up 8.87 seconds
[[0;32m  OK  [0m] Started Execute cloud user/final scripts.
[[0;32m  OK  [0m] Reached target Cloud-init target.
[[0;32m  OK  [0m] Started Daily apt upgrade and clean activities.

Ubuntu 16.04.6 LTS k8s-node2 ttyS0

k8s-node2 login: [ 4009.726997] Memory cgroup out of memory: Kill process 20146 (prometheus) score 1923 or sacrifice child
[ 4009.728933] Killed process 20146 (prometheus) total-vm:554832kB, anon-rss:417124kB, file-rss:23824kB
[ 4009.829742] Memory cgroup out of memory: Kill process 20179 (prometheus) score 1928 or sacrifice child
[ 4009.831775] Killed process 20179 (prometheus) total-vm:554832kB, anon-rss:417652kB, file-rss:25360kB
[ 4015.669044] Memory cgroup out of memory: Kill process 20349 (prometheus) score 1927 or sacrifice child
[ 4015.671712] Killed process 20349 (prometheus) total-vm:554768kB, anon-rss:417940kB, file-rss:24980kB
